<?xml version="1.0" encoding="UTF-8"?>
<testsuites time="3.640">
<testsuite name="tests.bats" tests="6" failures="0" errors="0" skipped="0" time="3.640" timestamp="2026-03-24T11:13:07" hostname="runnervm46oaq">
    <testcase classname="tests.bats" name="read int64 - v2" time="0.574" />
    <testcase classname="tests.bats" name="read int32 - v2" time="0.616" />
    <testcase classname="tests.bats" name="read int32 - v3" time="0.616" />
    <testcase classname="tests.bats" name="read float64 - v2" time="0.616" />
    <testcase classname="tests.bats" name="read float32 - v2" time="0.612" />
    <testcase classname="tests.bats" name="read bool - v2" time="0.606" />

</testsuite>
</testsuites>
