<?xml version="1.0" encoding="UTF-8"?>
<testsuites time="3.468">
<testsuite name="tests.bats" tests="6" failures="0" errors="0" skipped="0" time="3.468" timestamp="2026-04-14T18:55:04" hostname="runnervm35a4x">
    <testcase classname="tests.bats" name="read int64 - v2" time="0.586" />
    <testcase classname="tests.bats" name="read int32 - v2" time="0.587" />
    <testcase classname="tests.bats" name="read int32 - v3" time="0.581" />
    <testcase classname="tests.bats" name="read float64 - v2" time="0.575" />
    <testcase classname="tests.bats" name="read float32 - v2" time="0.575" />
    <testcase classname="tests.bats" name="read bool - v2" time="0.564" />

</testsuite>
</testsuites>
