<?xml version="1.0" encoding="UTF-8"?>
<testsuites time="1.899">
<testsuite name="tests.bats" tests="6" failures="0" errors="0" skipped="0" time="1.899" timestamp="2026-03-08T04:54:51" hostname="runnervm0kj6c">
    <testcase classname="tests.bats" name="read int64 - v2" time="0.370" />
    <testcase classname="tests.bats" name="read int32 - v2" time="0.305" />
    <testcase classname="tests.bats" name="read int32 - v3" time="0.302" />
    <testcase classname="tests.bats" name="read float64 - v2" time="0.308" />
    <testcase classname="tests.bats" name="read float32 - v2" time="0.310" />
    <testcase classname="tests.bats" name="read bool - v2" time="0.304" />

</testsuite>
</testsuites>
