<?xml version="1.0" encoding="UTF-8"?>
<testsuites time="2.886">
<testsuite name="tests.bats" tests="6" failures="0" errors="0" skipped="0" time="2.886" timestamp="2026-06-12T21:31:54" hostname="runnervm1li68">
    <testcase classname="tests.bats" name="read int64 - v2" time="0.482" />
    <testcase classname="tests.bats" name="read int32 - v2" time="0.484" />
    <testcase classname="tests.bats" name="read int32 - v3" time="0.476" />
    <testcase classname="tests.bats" name="read float64 - v2" time="0.482" />
    <testcase classname="tests.bats" name="read float32 - v2" time="0.478" />
    <testcase classname="tests.bats" name="read bool - v2" time="0.484" />

</testsuite>
</testsuites>
