<?xml version="1.0" encoding="UTF-8"?>
<testsuites time="3.345">
<testsuite name="tests.bats" tests="6" failures="0" errors="0" skipped="0" time="3.345" timestamp="2026-04-23T13:35:54" hostname="runnervm04xxt">
    <testcase classname="tests.bats" name="read int64 - v2" time="0.572" />
    <testcase classname="tests.bats" name="read int32 - v2" time="0.536" />
    <testcase classname="tests.bats" name="read int32 - v3" time="0.611" />
    <testcase classname="tests.bats" name="read float64 - v2" time="0.547" />
    <testcase classname="tests.bats" name="read float32 - v2" time="0.558" />
    <testcase classname="tests.bats" name="read bool - v2" time="0.521" />

</testsuite>
</testsuites>
