<?xml version="1.0" encoding="UTF-8"?>
<testsuites time="1.866">
<testsuite name="tests.bats" tests="6" failures="0" errors="0" skipped="0" time="1.866" timestamp="2026-08-02T06:17:13" hostname="runnervmvrwv9">
    <testcase classname="tests.bats" name="read int64 - v2" time="0.361" />
    <testcase classname="tests.bats" name="read int32 - v2" time="0.302" />
    <testcase classname="tests.bats" name="read int32 - v3" time="0.298" />
    <testcase classname="tests.bats" name="read float64 - v2" time="0.303" />
    <testcase classname="tests.bats" name="read float32 - v2" time="0.304" />
    <testcase classname="tests.bats" name="read bool - v2" time="0.298" />

</testsuite>
</testsuites>
