<?xml version="1.0" encoding="UTF-8"?>
<testsuites time="1.842">
<testsuite name="tests.bats" tests="6" failures="0" errors="0" skipped="0" time="1.842" timestamp="2026-04-05T05:22:38" hostname="runnervm727z3">
    <testcase classname="tests.bats" name="read int64 - v2" time="0.342" />
    <testcase classname="tests.bats" name="read int32 - v2" time="0.302" />
    <testcase classname="tests.bats" name="read int32 - v3" time="0.299" />
    <testcase classname="tests.bats" name="read float64 - v2" time="0.302" />
    <testcase classname="tests.bats" name="read float32 - v2" time="0.302" />
    <testcase classname="tests.bats" name="read bool - v2" time="0.295" />

</testsuite>
</testsuites>
