<?xml version="1.0" encoding="UTF-8"?>
<testsuites time="0.115">
<testsuite name="tests.bats" tests="6" failures="0" errors="0" skipped="0" time="0.115" timestamp="2026-05-31T07:06:09" hostname="runnervm3jyl0">
    <testcase classname="tests.bats" name="read int64 - v2" time="0.010" />
    <testcase classname="tests.bats" name="read int32 - v2" time="0.024" />
    <testcase classname="tests.bats" name="read int32 - v3" time="0.009" />
    <testcase classname="tests.bats" name="read float64 - v2" time="0.031" />
    <testcase classname="tests.bats" name="read float32 - v2" time="0.031" />
    <testcase classname="tests.bats" name="read bool - v2" time="0.010" />

</testsuite>
</testsuites>
